============================================================
  Generated by:           Genus(TM) Synthesis Solution 21.14-s082_1
  Generated on:           Apr 24 2026  12:53:35 pm
  Module:                 spi_master_top
  Technology library:     fast 
  Operating conditions:   fast (balanced_tree)
  Wireload mode:          enclosed
  Area mode:              timing library
============================================================

            Pin                      Type       Fanout Load Slew Delay Arrival   
                                                       (fF) (ps)  (ps)   (ps)    
---------------------------------------------------------------------------------
(clock clk)                       launch                                     0 R 
u4
  state_reg[0]/CK                                            800    +0       0 R 
  state_reg[0]/Q                  DFFRX4             2  4.0   22  +184     184 R 
  g2__9945/AN                                                       +0     184   
  g2__9945/Y                      NOR2BX4            2 13.3   54   +59     243 R 
  g170__9315/B                                                      +0     243   
  g170__9315/Y                    NOR2X1             2  0.6   15   +19     262 F 
u4/cs 
cs                           <<<  interconnect                15    +0     262 F 
                                  out port                          +0     262 F 
(spi_master_top.sdc_line_19)      ext delay                      +1000    1262 F 
- - - - - - - - - - - - - - - - - - - - - - - - - - - - - - - - - - - - - - - - -
(clock clk)                       capture                                 6000 R 
                                  uncertainty                      -10    5990 R 
---------------------------------------------------------------------------------
Cost Group   : 'clk' (path_group 'clk')
Timing slack :    4728ps 
Start-point  : u4/state_reg[0]/CK
End-point    : cs

