============================================================
  Generated by:           Genus(TM) Synthesis Solution 21.14-s082_1
  Generated on:           Apr 24 2026  12:53:35 pm
  Module:                 spi_master_top
  Technology library:     fast 
  Operating conditions:   fast (balanced_tree)
  Wireload mode:          enclosed
  Area mode:              timing library
============================================================

                            
   Gate    Instances  Area  Library 
------------------------------------
AND3X6             1  0.000    fast 
CLKAND2X3          1  0.000    fast 
CLKINVX1           2  0.000    fast 
CLKINVX16          1  0.000    fast 
CLKINVX2           5  0.000    fast 
CLKINVX20          1  0.000    fast 
CLKINVX4           1  0.000    fast 
CLKINVX8           8  0.000    fast 
DFFRX4            14  0.000    fast 
DFFSRX4            1  0.000    fast 
EDFFHQX2           8  0.000    fast 
INVXL              1  0.000    fast 
MXI2X1             1  0.000    fast 
NAND2BX4           1  0.000    fast 
NAND2X2            2  0.000    fast 
NAND2X8            1  0.000    fast 
NAND3BX1           1  0.000    fast 
NAND3BX2           1  0.000    fast 
NAND4X6            1  0.000    fast 
NOR2BX2            2  0.000    fast 
NOR2BX4            4  0.000    fast 
NOR2X1             1  0.000    fast 
NOR4X2             1  0.000    fast 
OAI222X4           8  0.000    fast 
OAI2BB1X1          2  0.000    fast 
OR3X8              1  0.000    fast 
SDFFRHQX2          1  0.000    fast 
SDFFRX4            5  0.000    fast 
------------------------------------
total             77  0.000         


                                      
     Type      Instances  Area Area % 
--------------------------------------
sequential            29 0.000    0.0 
inverter              19 0.000    0.0 
logic                 29 0.000    0.0 
physical_cells         0 0.000    0.0 
--------------------------------------
total                 77 0.000    0.0 

